[14:15:41] [main/INFO] (FabricLoader) Loading for game Minecraft 1.17.1
[14:15:42] [main/INFO] (Fabric|Loader) [FabricLoader] Loading 50 mods:
	- fabric@0.41.0+1.17
	- fabric-api-base@0.3.0+a02b446318
	- fabric-api-lookup-api-v1@1.3.0+cbda931818
	- fabric-biome-api-v1@3.2.0+cbda931818
	- fabric-blockrenderlayer-v1@1.1.5+a02b446318
	- fabric-command-api-v1@1.1.3+5ab9934c18
	- fabric-commands-v0@0.2.2+92519afa18
	- fabric-containers-v0@0.1.12+cbda931818
	- fabric-content-registries-v0@0.3.0+cbda931818
	- fabric-crash-report-info-v1@0.1.5+be9da31018
	- fabric-dimensions-v1@2.0.11+6cefd57718
	- fabric-entity-events-v1@1.3.0+57bef5a318
	- fabric-events-interaction-v0@0.4.10+fc40aa9d18
	- fabric-events-lifecycle-v0@0.2.1+92519afa18
	- fabric-game-rule-api-v1@1.0.7+cbda931818
	- fabric-gametest-api-v1@1.0.1+1bbccc7e18
	- fabric-item-api-v1@1.2.4+cbda931818
	- fabric-item-groups-v0@0.2.10+b7ab612118
	- fabric-key-binding-api-v1@1.0.4+cbda931818
	- fabric-keybindings-v0@0.2.2+36b77c3e18
	- fabric-lifecycle-events-v1@1.4.4+a02b446318
	- fabric-loot-tables-v1@1.0.4+a02b446318
	- fabric-mining-levels-v0@0.1.3+92519afa18
	- fabric-models-v0@0.3.0+a02b446318
	- fabric-networking-api-v1@1.0.13+cbda931818
	- fabric-networking-blockentity-v0@0.2.11+a02b446318
	- fabric-networking-v0@0.3.2+92519afa18
	- fabric-object-builder-api-v1@1.10.9+cbda931818
	- fabric-object-builders-v0@0.7.3+a02b446318
	- fabric-particles-v1@0.2.4+a02b446318
	- fabric-registry-sync-v0@0.7.11+7931163218
	- fabric-renderer-api-v1@0.4.4+cbda931818
	- fabric-renderer-indigo@0.4.8+cbda931818
	- fabric-renderer-registries-v1@3.2.4+7931163218
	- fabric-rendering-data-attachment-v1@0.1.5+a02b446318
	- fabric-rendering-fluids-v1@0.1.14+4658223018
	- fabric-rendering-v0@1.1.5+7931163218
	- fabric-rendering-v1@1.9.0+7931163218
	- fabric-resource-loader-v0@0.4.8+a00e834b18
	- fabric-screen-api-v1@1.0.4+cbda931818
	- fabric-screen-handler-api-v1@1.1.8+cbda931818
	- fabric-structure-api-v1@1.1.13+5ab9934c18
	- fabric-tag-extensions-v0@1.2.1+81e15a8918
	- fabric-textures-v0@1.0.6+a02b446318
	- fabric-tool-attribute-api-v1@1.2.12+b7ab612118
	- fabric-transfer-api-v1@1.4.0+7931163218
	- fabricloader@0.11.7
	- humancondition@1.17.1-0.0.1
	- java@16
	- minecraft@1.17.1
[14:15:42] [main/INFO] (mixin) SpongePowered MIXIN Subsystem Version=0.8.2 Source=file:/C:/Users/MM/.gradle/caches/modules-2/files-2.1/net.fabricmc/sponge-mixin/0.9.4+mixin.0.8.2/ef410951e94c7f4939cc74c86f8df371827818a4/sponge-mixin-0.9.4+mixin.0.8.2.jar Service=Knot/Fabric Env=CLIENT
[14:15:43] [main/INFO] (Fabric|MixinBootstrap) Loaded Fabric development mappings for mixin remapper!
[14:15:43] [main/INFO] (mixin) Compatibility level set to JAVA_16
[14:15:43] [main/WARN] (mixin) @Mixin target net/minecraft/server/world/ServerWorld$ServerEntityHandler is public in fabric-lifecycle-events-v1.mixins.json:ServerWorldEntityLoaderMixin and should be specified in value
[14:15:43] [main/WARN] (mixin) @Mixin target net/minecraft/client/world/ClientWorld$ClientEntityHandler is public in fabric-lifecycle-events-v1.mixins.json:client.ClientWorldEntityLoaderMixin and should be specified in value
[14:15:43] [main/WARN] (mixin) @Mixin target net/minecraft/client/render/block/BlockModelRenderer$AmbientOcclusionCalculator is public in fabric-renderer-indigo.mixins.json:MixinAmbientOcclusionCalculator and should be specified in value
[14:15:43] [main/WARN] (mixin) @Mixin target net/minecraft/client/render/chunk/ChunkBuilder$BuiltChunk$RebuildTask is public in fabric-renderer-indigo.mixins.json:MixinChunkRebuildTask and should be specified in value
[14:15:43] [main/WARN] (mixin) @Mixin target net/minecraft/server/network/ServerPlayNetworkHandler$1 is public in fabric-events-interaction-v0.mixins.json:MixinServerPlayNetworkHandler and should be specified in value
[14:15:43] [main/WARN] (mixin) @Mixin target net/minecraft/village/TradeOffers$TypeAwareBuyForOneEmeraldFactory is public in fabric-object-builder-v1.mixins.json:TypeAwareTradeMixin and should be specified in value
[14:15:44] [main/WARN] (mixin) @Mixin target net/minecraft/client/font/FontManager$1 is public in fabric-resource-loader-v0.mixins.json:client.FontManagerResourceReloadListenerMixin and should be specified in value
[14:15:44] [main/FATAL] (mixin) Mixin prepare failed preparing HumanConditionMixin.java in humancondition.mixins.json: org.spongepowered.asm.mixin.transformer.throwables.InvalidMixinException The specified mixin 'net.nickname.humancondition.mixin.HumanConditionMixin.java' was not found
org.spongepowered.asm.mixin.transformer.throwables.InvalidMixinException: The specified mixin 'net.nickname.humancondition.mixin.HumanConditionMixin.java' was not found
	at org.spongepowered.asm.mixin.transformer.MixinInfo.<init>(MixinInfo.java:855) ~[sponge-mixin-0.9.4+mixin.0.8.2.jar:0.9.4+mixin.0.8.2]
	at org.spongepowered.asm.mixin.transformer.MixinConfig.prepareMixins(MixinConfig.java:715) ~[sponge-mixin-0.9.4+mixin.0.8.2.jar:0.9.4+mixin.0.8.2]
	at org.spongepowered.asm.mixin.transformer.MixinConfig.prepare(MixinConfig.java:652) ~[sponge-mixin-0.9.4+mixin.0.8.2.jar:0.9.4+mixin.0.8.2]
	at org.spongepowered.asm.mixin.transformer.MixinProcessor.prepareConfigs(MixinProcessor.java:514) [sponge-mixin-0.9.4+mixin.0.8.2.jar:0.9.4+mixin.0.8.2]
	at org.spongepowered.asm.mixin.transformer.MixinProcessor.select(MixinProcessor.java:439) [sponge-mixin-0.9.4+mixin.0.8.2.jar:0.9.4+mixin.0.8.2]
	at org.spongepowered.asm.mixin.transformer.MixinProcessor.checkSelect(MixinProcessor.java:415) [sponge-mixin-0.9.4+mixin.0.8.2.jar:0.9.4+mixin.0.8.2]
	at org.spongepowered.asm.mixin.transformer.MixinProcessor.applyMixins(MixinProcessor.java:285) [sponge-mixin-0.9.4+mixin.0.8.2.jar:0.9.4+mixin.0.8.2]
	at org.spongepowered.asm.mixin.transformer.MixinTransformer.transformClass(MixinTransformer.java:208) [sponge-mixin-0.9.4+mixin.0.8.2.jar:0.9.4+mixin.0.8.2]
	at org.spongepowered.asm.mixin.transformer.MixinTransformer.transformClassBytes(MixinTransformer.java:178) [sponge-mixin-0.9.4+mixin.0.8.2.jar:0.9.4+mixin.0.8.2]
	at org.spongepowered.asm.mixin.transformer.FabricMixinTransformerProxy.transformClassBytes(FabricMixinTransformerProxy.java:23) [fabric-loader-0.11.7.jar:0.9.4+mixin.0.8.2]
	at net.fabricmc.loader.launch.knot.KnotClassDelegate.getPostMixinClassByteArray(KnotClassDelegate.java:162) [fabric-loader-0.11.7.jar:?]
	at net.fabricmc.loader.launch.knot.KnotClassLoader.loadClass(KnotClassLoader.java:154) [fabric-loader-0.11.7.jar:?]
	at java.lang.ClassLoader.loadClass(ClassLoader.java:519) [?:?]
	at net.fabricmc.loader.game.MinecraftGameProvider.launch(MinecraftGameProvider.java:232) [fabric-loader-0.11.7.jar:?]
	at net.fabricmc.loader.launch.knot.Knot.launch(Knot.java:153) [fabric-loader-0.11.7.jar:?]
	at net.fabricmc.loader.launch.knot.KnotClient.main(KnotClient.java:28) [fabric-loader-0.11.7.jar:?]
	at net.fabricmc.devlaunchinjector.Main.main(Main.java:86) [dev-launch-injector-0.2.1+build.8.jar:?]
Caused by: java.lang.ClassNotFoundException: The specified mixin 'net.nickname.humancondition.mixin.HumanConditionMixin.java' was not found
	at org.spongepowered.asm.mixin.transformer.MixinInfo.loadMixinClass(MixinInfo.java:1297) ~[sponge-mixin-0.9.4+mixin.0.8.2.jar:0.9.4+mixin.0.8.2]
	at org.spongepowered.asm.mixin.transformer.MixinInfo.<init>(MixinInfo.java:848) ~[sponge-mixin-0.9.4+mixin.0.8.2.jar:0.9.4+mixin.0.8.2]
	... 16 more
